<?xml version="1.0" encoding="UTF-8"?>
<!-- Generated by org.testng.reporters.JUnitReportReporter -->
<testsuite skipped="0" hostname="Matrix" name="com.sgtesting.dataproviderdemo.LoginLogoutDemo" tests="6" failures="0" timestamp="2021-09-16T21:18:07 IST" time="53.543" errors="0">
  <testcase name="launchBrowser" time="16.636" classname="com.sgtesting.dataproviderdemo.LoginLogoutDemo"/>
  <system-out/>
  <testcase name="navigate" time="6.796" classname="com.sgtesting.dataproviderdemo.LoginLogoutDemo"/>
  <system-out/>
  <testcase name="login" time="9.839" classname="com.sgtesting.dataproviderdemo.LoginLogoutDemo"/>
  <system-out/>
  <testcase name="login" time="10.194" classname="com.sgtesting.dataproviderdemo.LoginLogoutDemo"/>
  <system-out/>
  <testcase name="login" time="9.493" classname="com.sgtesting.dataproviderdemo.LoginLogoutDemo"/>
  <system-out/>
  <testcase name="closeApplication" time="0.585" classname="com.sgtesting.dataproviderdemo.LoginLogoutDemo"/>
  <system-out/>
</testsuite> <!-- com.sgtesting.dataproviderdemo.LoginLogoutDemo -->
